
> hanashi@0.1.0 dev /Users/sohanmatheesha/Downloads/Hanashi/hanashi
> next dev

▲ Next.js 16.2.1-canary.1 (Turbopack)
- Local:         http://localhost:3000
- Network:       http://172.20.10.6:3000
- Environments: .env.local
✓ Ready in 326ms
⚠ Warning: Next.js inferred your workspace root, but it may not be correct.
 We detected multiple lockfiles and selected the directory of /Users/sohanmatheesha/pnpm-lock.yaml as the root directory.
 To silence this warning, set `turbopack.root` in your Next.js config, or consider removing one of the lockfiles if it's not needed.
   See https://nextjs.org/docs/app/api-reference/config/next-config-js/turbopack#root-directory for more information.
 Detected additional lockfiles: 
   * /Users/sohanmatheesha/Downloads/Hanashi/hanashi/pnpm-workspace.yaml

⚠ The "middleware" file convention is deprecated. Please use "proxy" instead. Learn more: https://nextjs.org/docs/messages/middleware-to-proxy

 GET /dashboard/lessons/kanji 200 in 4.5s (next.js: 123ms, proxy.ts: 1741ms, application-code: 2.6s)
 GET /dashboard/lessons/kanji 200 in 3.0s (next.js: 61ms, proxy.ts: 1719ms, application-code: 1228ms)
✓ Compiled in 3.4s
 GET /dashboard/lessons/kanji 200 in 2.5s (next.js: 47ms, proxy.ts: 1312ms, application-code: 1147ms)
 GET /dashboard/lessons/kanji 200 in 2.3s (next.js: 9ms, proxy.ts: 1065ms, application-code: 1246ms)
 GET /dashboard/lessons/kanji 200 in 2.5s (next.js: 11ms, proxy.ts: 1190ms, application-code: 1255ms)
 GET /dashboard/lessons/kanji 200 in 2.2s (next.js: 7ms, proxy.ts: 1205ms, application-code: 966ms)
 GET /dashboard/lessons/kanji 200 in 1919ms (next.js: 3ms, proxy.ts: 918ms, application-code: 998ms)
 GET /dashboard/lessons/kanji 200 in 1561ms (next.js: 5ms, proxy.ts: 876ms, application-code: 680ms)
 GET /dashboard/lessons/kanji 200 in 1573ms (next.js: 6ms, proxy.ts: 846ms, application-code: 721ms)
 GET /dashboard/lessons/kanji 200 in 1918ms (next.js: 4ms, proxy.ts: 850ms, application-code: 1064ms)
 GET /dashboard/lessons/kanji 200 in 2.3s (next.js: 14ms, proxy.ts: 973ms, application-code: 1263ms)
 GET /dashboard/lessons/kanji 200 in 2.1s (next.js: 13ms, proxy.ts: 1183ms, application-code: 859ms)
 GET /dashboard/lessons/kanji 200 in 2.2s (next.js: 3ms, proxy.ts: 854ms, application-code: 1295ms)
 GET /dashboard/lessons/kanji 200 in 2.2s (next.js: 19ms, proxy.ts: 1221ms, application-code: 937ms)
 GET /dashboard/lessons/kanji 200 in 1861ms (next.js: 4ms, proxy.ts: 918ms, application-code: 940ms)
 GET /dashboard/lessons/kanji 200 in 1539ms (next.js: 13ms, proxy.ts: 873ms, application-code: 653ms)
 GET /dashboard/lessons/kanji 200 in 1855ms (next.js: 3ms, proxy.ts: 640ms, application-code: 1212ms)
 GET /dashboard/lessons/kanji 200 in 1245ms (next.js: 4ms, proxy.ts: 605ms, application-code: 636ms)
 GET /dashboard/lessons/kanji 200 in 1774ms (next.js: 4ms, proxy.ts: 1098ms, application-code: 672ms)
 GET /dashboard/lessons/kanji 200 in 1550ms (next.js: 3ms, proxy.ts: 610ms, application-code: 938ms)
 GET /dashboard/lessons/kanji 200 in 1537ms (next.js: 32ms, proxy.ts: 855ms, application-code: 650ms)
 GET /dashboard/lessons/kanji 200 in 1866ms (next.js: 2ms, proxy.ts: 667ms, application-code: 1197ms)
 GET /dashboard/lessons/kanji 200 in 1855ms (next.js: 12ms, proxy.ts: 1114ms, application-code: 729ms)
 GET /dashboard/lessons/kanji 200 in 1428ms (next.js: 28ms, proxy.ts: 626ms, application-code: 774ms)
 GET /dashboard/lessons/kanji 200 in 1404ms (next.js: 14ms, proxy.ts: 709ms, application-code: 681ms)
 GET /dashboard/lessons/kanji 200 in 1313ms (next.js: 2ms, proxy.ts: 631ms, application-code: 679ms)
 GET /dashboard/lessons/kanji 200 in 2.2s (next.js: 1798µs, proxy.ts: 640ms, application-code: 1541ms)
 GET /dashboard/lessons/kanji 200 in 2.8s (next.js: 16ms, proxy.ts: 1511ms, application-code: 1253ms)
 GET /dashboard/lessons/kanji 200 in 2.1s (next.js: 19ms, proxy.ts: 1179ms, application-code: 936ms)
 GET /dashboard/lessons/kanji 200 in 1827ms (next.js: 15ms, proxy.ts: 871ms, application-code: 942ms)
 GET /dashboard/lessons/kanji 200 in 2.4s (next.js: 4ms, proxy.ts: 950ms, application-code: 1450ms)
 GET /dashboard/lessons/kanji 200 in 2.7s (next.js: 13ms, proxy.ts: 1368ms, application-code: 1347ms)
 GET /dashboard/lessons/kanji 200 in 2.2s (next.js: 13ms, proxy.ts: 1266ms, application-code: 948ms)
 GET /dashboard/lessons/kanji 200 in 1841ms (next.js: 10ms, proxy.ts: 871ms, application-code: 961ms)
 GET /dashboard/lessons/kanji 200 in 1842ms (next.js: 13ms, proxy.ts: 889ms, application-code: 940ms)
 GET /dashboard/lessons/kanji 200 in 1557ms (next.js: 12ms, proxy.ts: 877ms, application-code: 668ms)
 GET /dashboard/lessons/kanji 200 in 1352ms (next.js: 6ms, proxy.ts: 582ms, application-code: 764ms)
 GET /dashboard/lessons/kanji 200 in 1264ms (next.js: 5ms, proxy.ts: 592ms, application-code: 667ms)
 GET /dashboard/lessons/kanji 200 in 1403ms (next.js: 4ms, proxy.ts: 688ms, application-code: 710ms)
 GET /dashboard/lessons/kanji 200 in 1274ms (next.js: 21ms, proxy.ts: 631ms, application-code: 623ms)
 GET /dashboard/lessons/kanji 200 in 1615ms (next.js: 4ms, proxy.ts: 646ms, application-code: 965ms)
 GET /dashboard/lessons/kanji 200 in 1591ms (next.js: 3ms, proxy.ts: 904ms, application-code: 683ms)
 GET /dashboard/lessons/kanji 200 in 1640ms (next.js: 5ms, proxy.ts: 600ms, application-code: 1035ms)
 GET /dashboard/lessons/kanji 200 in 1721ms (next.js: 4ms, proxy.ts: 872ms, application-code: 845ms)
 GET /dashboard/lessons/kanji 200 in 1460ms (next.js: 10ms, proxy.ts: 709ms, application-code: 742ms)
 GET /dashboard/lessons/kanji 200 in 1573ms (next.js: 6ms, proxy.ts: 882ms, application-code: 684ms)
 GET /dashboard/lessons/kanji 200 in 1280ms (next.js: 3ms, proxy.ts: 608ms, application-code: 669ms)
 GET /dashboard/lessons/kanji 200 in 1656ms (next.js: 3ms, proxy.ts: 614ms, application-code: 1039ms)
 GET /dashboard/lessons/kanji 200 in 1615ms (next.js: 3ms, proxy.ts: 973ms, application-code: 639ms)
 GET /dashboard/lessons/kanji 200 in 716ms (next.js: 7ms, proxy.ts: 306ms, application-code: 403ms)
 GET /dashboard/lessons/kanji 200 in 1148ms (next.js: 3ms, proxy.ts: 398ms, application-code: 747ms)
 GET /dashboard/lessons/kanji 200 in 1035ms (next.js: 4ms, proxy.ts: 312ms, application-code: 720ms)
✓ Compiled in 889ms
 GET /dashboard/lessons/kanji 200 in 1789ms (next.js: 96ms, proxy.ts: 1541ms, application-code: 151ms)
 GET /dashboard/lessons/kanji 200 in 732ms (next.js: 6ms, proxy.ts: 679ms, application-code: 46ms)
 GET /dashboard/lessons/kanji 200 in 356ms (next.js: 5ms, proxy.ts: 301ms, application-code: 50ms)
 GET /dashboard/lessons/kanji 200 in 589ms (next.js: 4ms, proxy.ts: 538ms, application-code: 46ms)
 GET /dashboard/lessons/kanji 200 in 670ms (next.js: 3ms, proxy.ts: 629ms, application-code: 38ms)
✓ Compiled in 512ms
[browser] ./Downloads/Hanashi/hanashi/app/dashboard/lessons/kanji/page.tsx:328:56
Unterminated string constant
  326 | ...e="flex flex-col gap-3">
  327 | ...ulary.map((vocab, vIndex) => (
> 328 | ...{vIndex} className="flex flex-wrap items-center
      |                       ^^^^^^^^^^^^^^^^^^^^^^^^^^^^

Parsing ecmascript source code failed

Import traces:
  Client Component Browser:
    ./Downloads/Hanashi/hanashi/app/dashboard/lessons/kanji/page.tsx [Client Component Browser]
    ./Downloads/Hanashi/hanashi/app/dashboard/lessons/kanji/page.tsx [Server Component]

  Client Component SSR:
    ./Downloads/Hanashi/hanashi/app/dashboard/lessons/kanji/page.tsx [Client Component SSR]
    ./Downloads/Hanashi/hanashi/app/dashboard/lessons/kanji/page.tsx [Server Component] 
[browser] ./Downloads/Hanashi/hanashi/app/dashboard/lessons/kanji/page.tsx:328:56
Unterminated string constant
  326 | ...e="flex flex-col gap-3">
  327 | ...ulary.map((vocab, vIndex) => (
> 328 | ...{vIndex} className="flex flex-wrap items-center
      |                       ^^^^^^^^^^^^^^^^^^^^^^^^^^^^

Parsing ecmascript source code failed

Import traces:
  Client Component Browser:
    ./Downloads/Hanashi/hanashi/app/dashboard/lessons/kanji/page.tsx [Client Component Browser]
    ./Downloads/Hanashi/hanashi/app/dashboard/lessons/kanji/page.tsx [Server Component]

  Client Component SSR:
    ./Downloads/Hanashi/hanashi/app/dashboard/lessons/kanji/page.tsx [Client Component SSR]
    ./Downloads/Hanashi/hanashi/app/dashboard/lessons/kanji/page.tsx [Server Component] 
[browser] ./Downloads/Hanashi/hanashi/app/dashboard/lessons/kanji/page.tsx:328:56
Unterminated string constant
  326 | ...e="flex flex-col gap-3">
  327 | ...ulary.map((vocab, vIndex) => (
> 328 | ...{vIndex} className="flex flex-wrap items-center
      |                       ^^^^^^^^^^^^^^^^^^^^^^^^^^^^

Parsing ecmascript source code failed

Import traces:
  Client Component Browser:
    ./Downloads/Hanashi/hanashi/app/dashboard/lessons/kanji/page.tsx [Client Component Browser]
    ./Downloads/Hanashi/hanashi/app/dashboard/lessons/kanji/page.tsx [Server Component]

  Client Component SSR:
    ./Downloads/Hanashi/hanashi/app/dashboard/lessons/kanji/page.tsx [Client Component SSR]
    ./Downloads/Hanashi/hanashi/app/dashboard/lessons/kanji/page.tsx [Server Component] 
[browser] ./Downloads/Hanashi/hanashi/app/dashboard/lessons/kanji/page.tsx:328:56
Unterminated string constant
  326 | ...e="flex flex-col gap-3">
  327 | ...ulary.map((vocab, vIndex) => (
> 328 | ...{vIndex} className="flex flex-wrap items-center
      |                       ^^^^^^^^^^^^^^^^^^^^^^^^^^^^

Parsing ecmascript source code failed

Import traces:
  Client Component Browser:
    ./Downloads/Hanashi/hanashi/app/dashboard/lessons/kanji/page.tsx [Client Component Browser]
    ./Downloads/Hanashi/hanashi/app/dashboard/lessons/kanji/page.tsx [Server Component]

  Client Component SSR:
    ./Downloads/Hanashi/hanashi/app/dashboard/lessons/kanji/page.tsx [Client Component SSR]
    ./Downloads/Hanashi/hanashi/app/dashboard/lessons/kanji/page.tsx [Server Component] 
[browser] ./Downloads/Hanashi/hanashi/app/dashboard/lessons/kanji/page.tsx:328:56
Unterminated string constant
  326 | ...e="flex flex-col gap-3">
  327 | ...ulary.map((vocab, vIndex) => (
> 328 | ...{vIndex} className="flex flex-wrap items-center
      |                       ^^^^^^^^^^^^^^^^^^^^^^^^^^^^

Parsing ecmascript source code failed

Import traces:
  Client Component Browser:
    ./Downloads/Hanashi/hanashi/app/dashboard/lessons/kanji/page.tsx [Client Component Browser]
    ./Downloads/Hanashi/hanashi/app/dashboard/lessons/kanji/page.tsx [Server Component]

  Client Component SSR:
    ./Downloads/Hanashi/hanashi/app/dashboard/lessons/kanji/page.tsx [Client Component SSR]
    ./Downloads/Hanashi/hanashi/app/dashboard/lessons/kanji/page.tsx [Server Component] 
 GET /dashboard 500 in 2.7s (next.js: 1801ms, proxy.ts: 814ms, application-code: 112ms)
[browser] ./Downloads/Hanashi/hanashi/app/dashboard/lessons/kanji/page.tsx:328:56
Unterminated string constant
  326 | ...e="flex flex-col gap-3">
  327 | ...ulary.map((vocab, vIndex) => (
> 328 | ...{vIndex} className="flex flex-wrap items-center
      |                       ^^^^^^^^^^^^^^^^^^^^^^^^^^^^

Parsing ecmascript source code failed

Import traces:
  Client Component Browser:
    ./Downloads/Hanashi/hanashi/app/dashboard/lessons/kanji/page.tsx [Client Component Browser]
    ./Downloads/Hanashi/hanashi/app/dashboard/lessons/kanji/page.tsx [Server Component]

  Client Component SSR:
    ./Downloads/Hanashi/hanashi/app/dashboard/lessons/kanji/page.tsx [Client Component SSR]
    ./Downloads/Hanashi/hanashi/app/dashboard/lessons/kanji/page.tsx [Server Component] 
 GET / 500 in 838ms (next.js: 16ms, proxy.ts: 816ms, application-code: 6ms)
[browser] ./Downloads/Hanashi/hanashi/app/dashboard/lessons/kanji/page.tsx:328:56
Unterminated string constant
  326 | ...e="flex flex-col gap-3">
  327 | ...ulary.map((vocab, vIndex) => (
> 328 | ...{vIndex} className="flex flex-wrap items-center
      |                       ^^^^^^^^^^^^^^^^^^^^^^^^^^^^

Parsing ecmascript source code failed

Import traces:
  Client Component Browser:
    ./Downloads/Hanashi/hanashi/app/dashboard/lessons/kanji/page.tsx [Client Component Browser]
    ./Downloads/Hanashi/hanashi/app/dashboard/lessons/kanji/page.tsx [Server Component]

  Client Component SSR:
    ./Downloads/Hanashi/hanashi/app/dashboard/lessons/kanji/page.tsx [Client Component SSR]
    ./Downloads/Hanashi/hanashi/app/dashboard/lessons/kanji/page.tsx [Server Component] 
 GET / 500 in 291ms (next.js: 6ms, proxy.ts: 280ms, application-code: 5ms)
[browser] Uncaught Error: ./Downloads/Hanashi/hanashi/app/dashboard/lessons/kanji/page.tsx:328:56
Unterminated string constant
  326 | ...e="flex flex-col gap-3">
  327 | ...ulary.map((vocab, vIndex) => (
> 328 | ...{vIndex} className="flex flex-wrap items-center
      |                       ^^^^^^^^^^^^^^^^^^^^^^^^^^^^

Parsing ecmascript source code failed

Import traces:
  Client Component Browser:
    ./Downloads/Hanashi/hanashi/app/dashboard/lessons/kanji/page.tsx [Client Component Browser]
    ./Downloads/Hanashi/hanashi/app/dashboard/lessons/kanji/page.tsx [Server Component]

  Client Component SSR:
    ./Downloads/Hanashi/hanashi/app/dashboard/lessons/kanji/page.tsx [Client Component SSR]
    ./Downloads/Hanashi/hanashi/app/dashboard/lessons/kanji/page.tsx [Server Component]


    at <unknown> (Error: ./Downloads/Hanashi/hanashi/app/dashboard/lessons/kanji/page.tsx:328:56)
    at <unknown> (Error: (./Downloads/Hanashi/hanashi/app/dashboard/lessons/kanji/page.tsx:328:56)
[browser] Uncaught Error: ./Downloads/Hanashi/hanashi/app/dashboard/lessons/kanji/page.tsx:328:56
Unterminated string constant
  326 | ...e="flex flex-col gap-3">
  327 | ...ulary.map((vocab, vIndex) => (
> 328 | ...{vIndex} className="flex flex-wrap items-center
      |                       ^^^^^^^^^^^^^^^^^^^^^^^^^^^^

Parsing ecmascript source code failed

Import traces:
  Client Component Browser:
    ./Downloads/Hanashi/hanashi/app/dashboard/lessons/kanji/page.tsx [Client Component Browser]
    ./Downloads/Hanashi/hanashi/app/dashboard/lessons/kanji/page.tsx [Server Component]

  Client Component SSR:
    ./Downloads/Hanashi/hanashi/app/dashboard/lessons/kanji/page.tsx [Client Component SSR]
    ./Downloads/Hanashi/hanashi/app/dashboard/lessons/kanji/page.tsx [Server Component]


    at <unknown> (Error: ./Downloads/Hanashi/hanashi/app/dashboard/lessons/kanji/page.tsx:328:56)
    at <unknown> (Error: (./Downloads/Hanashi/hanashi/app/dashboard/lessons/kanji/page.tsx:328:56)
[browser] ./Downloads/Hanashi/hanashi/app/dashboard/lessons/kanji/page.tsx:328:56
Unterminated string constant
  326 | ...e="flex flex-col gap-3">
  327 | ...ulary.map((vocab, vIndex) => (
> 328 | ...{vIndex} className="flex flex-wrap items-center
      |                       ^^^^^^^^^^^^^^^^^^^^^^^^^^^^

Parsing ecmascript source code failed

Import traces:
  Client Component Browser:
    ./Downloads/Hanashi/hanashi/app/dashboard/lessons/kanji/page.tsx [Client Component Browser]
    ./Downloads/Hanashi/hanashi/app/dashboard/lessons/kanji/page.tsx [Server Component]

  Client Component SSR:
    ./Downloads/Hanashi/hanashi/app/dashboard/lessons/kanji/page.tsx [Client Component SSR]
    ./Downloads/Hanashi/hanashi/app/dashboard/lessons/kanji/page.tsx [Server Component] 
[browser] ./Downloads/Hanashi/hanashi/app/dashboard/lessons/kanji/page.tsx:328:56
Unterminated string constant
  326 | ...e="flex flex-col gap-3">
  327 | ...ulary.map((vocab, vIndex) => (
> 328 | ...{vIndex} className="flex flex-wrap items-center
      |                       ^^^^^^^^^^^^^^^^^^^^^^^^^^^^

Parsing ecmascript source code failed

Import traces:
  Client Component Browser:
    ./Downloads/Hanashi/hanashi/app/dashboard/lessons/kanji/page.tsx [Client Component Browser]
    ./Downloads/Hanashi/hanashi/app/dashboard/lessons/kanji/page.tsx [Server Component]

  Client Component SSR:
    ./Downloads/Hanashi/hanashi/app/dashboard/lessons/kanji/page.tsx [Client Component SSR]
    ./Downloads/Hanashi/hanashi/app/dashboard/lessons/kanji/page.tsx [Server Component] 
[browser] ./Downloads/Hanashi/hanashi/app/dashboard/lessons/kanji/page.tsx:328:56
Unterminated string constant
  326 | ...e="flex flex-col gap-3">
  327 | ...ulary.map((vocab, vIndex) => (
> 328 | ...{vIndex} className="flex flex-wrap items-center
      |                       ^^^^^^^^^^^^^^^^^^^^^^^^^^^^

Parsing ecmascript source code failed

Import traces:
  Client Component Browser:
    ./Downloads/Hanashi/hanashi/app/dashboard/lessons/kanji/page.tsx [Client Component Browser]
    ./Downloads/Hanashi/hanashi/app/dashboard/lessons/kanji/page.tsx [Server Component]

  Client Component SSR:
    ./Downloads/Hanashi/hanashi/app/dashboard/lessons/kanji/page.tsx [Client Component SSR]
    ./Downloads/Hanashi/hanashi/app/dashboard/lessons/kanji/page.tsx [Server Component] 
✓ Compiled in 307ms
 GET / 200 in 1805ms (next.js: 113ms, proxy.ts: 621ms, application-code: 1071ms)
✓ Compiled in 209ms
⚠ Fast Refresh had to perform a full reload when ./Downloads/Hanashi/hanashi/node_modules/.pnpm/next@16.2.1-canary.1_@babel+core@7.29.0_react-dom@19.2.3_react@19.2.3__react@19.2.3/node_modules/next/dist/client/image-component.js changed. Read more: https://nextjs.org/docs/messages/fast-refresh-reload
 GET / 200 in 825ms (next.js: 71ms, proxy.ts: 539ms, application-code: 214ms)
 GET / 200 in 341ms (next.js: 1704µs, proxy.ts: 307ms, application-code: 32ms)
 GET / 200 in 995ms (next.js: 8ms, proxy.ts: 552ms, application-code: 435ms)
